
<22:48:34>  [WARNING] :: System config could not be loaded! loading default config!!
<22:48:34>  [INFO] :: System language could not be loaded! loading default language(EN_US)!!
<22:48:34>  [INFO] :: module started!
<22:53:39>  [WARNING] :: System config could not be loaded! loading default config!!
<22:53:39>  [WARNING] :: System language could not be loaded! loading default language(EN_US)!!
<22:53:39>  [INFO] :: LunaIOmodule started!
<22:55:20>  [WARNING] :: System config could not be loaded! loading default config!!
<22:55:20>  [WARNING] :: System language could not be loaded! loading default language(EN_US)!!
<22:55:20>  [INFO] :: LunaIOmodule started!
<22:55:31>  [ERROR] :: java.time.format.DateTimeParseException: Text 'asd' could not be parsed at index 0
	at java.base/java.time.format.DateTimeFormatter.parseResolved0(DateTimeFormatter.java:2052)
	at java.base/java.time.format.DateTimeFormatter.parse(DateTimeFormatter.java:1954)
	at java.base/java.time.LocalDate.parse(LocalDate.java:430)
	at java.base/java.time.LocalDate.parse(LocalDate.java:415)
	at net.luna.util.UserData.register(UserData.java:101)
	at net.luna.util.UserData.login(UserData.java:27)
	at net.luna.modules.LunaIO.start(LunaIO.java:35)
	at net.luna.modules.LunaIO.<init>(LunaIO.java:25)
	at net.luna.modules.Core.start(Core.java:65)
	at net.luna.modules.Core.<init>(Core.java:21)
	at net.luna.App.main(App.java:14)

<22:56:43>  [WARNING] :: System config could not be loaded! loading default config!!
<22:56:43>  [WARNING] :: System language could not be loaded! loading default language(EN_US)!!
<22:56:43>  [INFO] :: LunaIOmodule started!
<22:56:54>  [ERROR] :: java.time.format.DateTimeParseException: Text 'VBas' could not be parsed at index 0
	at java.base/java.time.format.DateTimeFormatter.parseResolved0(DateTimeFormatter.java:2052)
	at java.base/java.time.format.DateTimeFormatter.parse(DateTimeFormatter.java:1954)
	at java.base/java.time.LocalDate.parse(LocalDate.java:430)
	at java.base/java.time.LocalDate.parse(LocalDate.java:415)
	at net.luna.util.UserData.register(UserData.java:101)
	at net.luna.util.UserData.login(UserData.java:27)
	at net.luna.modules.LunaIO.start(LunaIO.java:35)
	at net.luna.modules.LunaIO.<init>(LunaIO.java:25)
	at net.luna.modules.Core.start(Core.java:65)
	at net.luna.modules.Core.<init>(Core.java:21)
	at net.luna.App.main(App.java:14)

<22:56:56>  [ERROR] :: java.lang.NumberFormatException: For input string: "asd"
	at java.base/java.lang.NumberFormatException.forInputString(NumberFormatException.java:67)
	at java.base/java.lang.Integer.parseInt(Integer.java:668)
	at java.base/java.lang.Integer.parseInt(Integer.java:786)
	at net.luna.util.UserData.register(UserData.java:109)
	at net.luna.util.UserData.login(UserData.java:27)
	at net.luna.modules.LunaIO.start(LunaIO.java:35)
	at net.luna.modules.LunaIO.<init>(LunaIO.java:25)
	at net.luna.modules.Core.start(Core.java:65)
	at net.luna.modules.Core.<init>(Core.java:21)
	at net.luna.App.main(App.java:14)

<22:58:22>  <> ECHO :::   cd /run/media/falscheridiot/FI-M/LUNA ; /usr/bin/env /usr/lib64/jvm/java-17-openjdk/bin/java --enable-preview -XX:+ShowCodeDetailsInExceptionMessages -cp /run/media/falscheridiot/FI-M/LUNA/bin net.luna.App 
<22:58:31>  [WARNING] :: System config could not be loaded! loading default config!!
<22:58:31>  [WARNING] :: System language could not be loaded! loading default language(EN_US)!!
<22:58:55>  [WARNING] :: System config could not be loaded! loading default config!!
<22:58:55>  [WARNING] :: System language could not be loaded! loading default language(EN_US)!!
<22:58:55>  [INFO] :: LunaIOmodule started!
<22:59:8>  [ERROR] :: java.time.format.DateTimeParseException: Text 'asd' could not be parsed at index 0
	at java.base/java.time.format.DateTimeFormatter.parseResolved0(DateTimeFormatter.java:2052)
	at java.base/java.time.format.DateTimeFormatter.parse(DateTimeFormatter.java:1954)
	at java.base/java.time.LocalDate.parse(LocalDate.java:430)
	at java.base/java.time.LocalDate.parse(LocalDate.java:415)
	at net.luna.util.UserData.register(UserData.java:101)
	at net.luna.util.UserData.login(UserData.java:27)
	at net.luna.modules.LunaIO.start(LunaIO.java:35)
	at net.luna.modules.LunaIO.<init>(LunaIO.java:25)
	at net.luna.modules.Core.start(Core.java:65)
	at net.luna.modules.Core.<init>(Core.java:21)
	at net.luna.App.main(App.java:14)

<22:59:9>  [ERROR] :: java.lang.NumberFormatException: For input string: "asd"
	at java.base/java.lang.NumberFormatException.forInputString(NumberFormatException.java:67)
	at java.base/java.lang.Integer.parseInt(Integer.java:668)
	at java.base/java.lang.Integer.parseInt(Integer.java:786)
	at net.luna.util.UserData.register(UserData.java:109)
	at net.luna.util.UserData.login(UserData.java:27)
	at net.luna.modules.LunaIO.start(LunaIO.java:35)
	at net.luna.modules.LunaIO.<init>(LunaIO.java:25)
	at net.luna.modules.Core.start(Core.java:65)
	at net.luna.modules.Core.<init>(Core.java:21)
	at net.luna.App.main(App.java:14)

<22:59:9>  <Gustav> ECHO :::  
<22:59:13>  <Gustav> ECHO :::  Pommes
<22:59:31>  [INFO] :: <Gustav> System shutting down!
<22:59:31>  [WARNING] :: LunaIOmodule stopped!
<22:59:34>  <Gustav> ECHO :::  
<23:0:42>  <Gustav> ECHO :::   cd /run/media/falscheridiot/FI-M/LUNA ; /usr/bin/env /usr/lib64/jvm/java-17-openjdk/bin/java --enable-preview -XX:+ShowCodeDetailsInExceptionMessages -cp /run/media/falscheridiot/FI-M/LUNA/bin net.luna.App 
<23:0:55>  [WARNING] :: System config could not be loaded! loading default config!!
<23:0:55>  [WARNING] :: System language could not be loaded! loading default language(EN_US)!!
<23:4:18>  [WARNING] :: System config could not be loaded! loading default config!!
<23:4:18>  [WARNING] :: System language could not be loaded! loading default language(EN_US)!!
<23:4:18>  [ERROR] :: java.time.format.DateTimeParseException: Text 'null' could not be parsed at index 0
	at java.base/java.time.format.DateTimeFormatter.parseResolved0(DateTimeFormatter.java:2052)
	at java.base/java.time.format.DateTimeFormatter.parse(DateTimeFormatter.java:1954)
	at java.base/java.time.LocalDate.parse(LocalDate.java:430)
	at java.base/java.time.LocalDate.parse(LocalDate.java:415)
	at net.luna.util.R.loadUser(R.java:157)
	at net.luna.modules.Core.start(Core.java:57)
	at net.luna.modules.Core.<init>(Core.java:21)
	at net.luna.App.main(App.java:14)

<23:4:18>  [INFO] :: LunaIO module started!
<23:7:47>  [WARNING] :: System config could not be loaded! loading default config!!
<23:7:47>  [WARNING] :: System language could not be loaded! loading default language(EN_US)!!
<23:7:47>  [ERROR] :: java.time.format.DateTimeParseException: Text 'null' could not be parsed at index 0
	at java.base/java.time.format.DateTimeFormatter.parseResolved0(DateTimeFormatter.java:2052)
	at java.base/java.time.format.DateTimeFormatter.parse(DateTimeFormatter.java:1954)
	at java.base/java.time.LocalDate.parse(LocalDate.java:430)
	at java.base/java.time.LocalDate.parse(LocalDate.java:415)
	at net.luna.util.R.loadUser(R.java:157)
	at net.luna.modules.Core.start(Core.java:57)
	at net.luna.modules.Core.<init>(Core.java:21)
	at net.luna.App.main(App.java:14)

<23:7:47>  [INFO] :: LunaIO module started!
<23:9:32>  [WARNING] :: System config could not be loaded! loading default config!!
<23:9:32>  [WARNING] :: System language could not be loaded! loading default language(EN_US)!!
<23:9:32>  [ERROR] :: java.time.format.DateTimeParseException: Text 'null' could not be parsed at index 0
	at java.base/java.time.format.DateTimeFormatter.parseResolved0(DateTimeFormatter.java:2052)
	at java.base/java.time.format.DateTimeFormatter.parse(DateTimeFormatter.java:1954)
	at java.base/java.time.LocalDate.parse(LocalDate.java:430)
	at java.base/java.time.LocalDate.parse(LocalDate.java:415)
	at net.luna.util.R.loadUser(R.java:157)
	at net.luna.modules.Core.start(Core.java:57)
	at net.luna.modules.Core.<init>(Core.java:21)
	at net.luna.App.main(App.java:14)

<23:9:32>  [INFO] :: LunaIO module started!
<23:9:36>  [ERROR] :: java.lang.NumberFormatException: For input string: ""
	at java.base/java.lang.NumberFormatException.forInputString(NumberFormatException.java:67)
	at java.base/java.lang.Integer.parseInt(Integer.java:678)
	at java.base/java.lang.Integer.parseInt(Integer.java:786)
	at net.luna.util.UserData.login(UserData.java:26)
	at net.luna.modules.LunaIO.start(LunaIO.java:33)
	at net.luna.modules.LunaIO.<init>(LunaIO.java:24)
	at net.luna.modules.Core.start(Core.java:65)
	at net.luna.modules.Core.<init>(Core.java:21)
	at net.luna.App.main(App.java:14)

<23:9:42>  [ERROR] :: java.time.format.DateTimeParseException: Text 'null' could not be parsed at index 0
	at java.base/java.time.format.DateTimeFormatter.parseResolved0(DateTimeFormatter.java:2052)
	at java.base/java.time.format.DateTimeFormatter.parse(DateTimeFormatter.java:1954)
	at java.base/java.time.LocalDate.parse(LocalDate.java:430)
	at java.base/java.time.LocalDate.parse(LocalDate.java:415)
	at net.luna.util.UserData.login(UserData.java:75)
	at net.luna.modules.LunaIO.start(LunaIO.java:33)
	at net.luna.modules.LunaIO.<init>(LunaIO.java:24)
	at net.luna.modules.Core.start(Core.java:65)
	at net.luna.modules.Core.<init>(Core.java:21)
	at net.luna.App.main(App.java:14)

<23:9:47>  <Gustav> ECHO :::  
<23:9:49>  <Gustav> ECHO :::  asd
<23:9:56>  [INFO] :: <Gustav> System shutting down!
<23:9:56>  [WARNING] :: LunaIO module stopped!
<23:9:56>  [WARNING] :: Core module stopped!
<23:11:22>  [WARNING] :: System config could not be loaded! loading default config!!
<23:11:22>  [WARNING] :: System language could not be loaded! loading default language(EN_US)!!
<23:11:22>  [ERROR] :: java.time.format.DateTimeParseException: Text 'null' could not be parsed at index 0
	at java.base/java.time.format.DateTimeFormatter.parseResolved0(DateTimeFormatter.java:2052)
	at java.base/java.time.format.DateTimeFormatter.parse(DateTimeFormatter.java:1954)
	at java.base/java.time.LocalDate.parse(LocalDate.java:430)
	at java.base/java.time.LocalDate.parse(LocalDate.java:415)
	at net.luna.util.R.loadUser(R.java:157)
	at net.luna.modules.Core.start(Core.java:57)
	at net.luna.modules.Core.<init>(Core.java:21)
	at net.luna.App.main(App.java:14)

<23:11:22>  [INFO] :: LunaIO module started!
<23:11:44>  [ERROR] :: java.time.format.DateTimeParseException: Text 'gustav' could not be parsed at index 0
	at java.base/java.time.format.DateTimeFormatter.parseResolved0(DateTimeFormatter.java:2052)
	at java.base/java.time.format.DateTimeFormatter.parse(DateTimeFormatter.java:1954)
	at java.base/java.time.LocalDate.parse(LocalDate.java:430)
	at java.base/java.time.LocalDate.parse(LocalDate.java:415)
	at net.luna.util.UserData.register(UserData.java:115)
	at net.luna.util.UserData.login(UserData.java:27)
	at net.luna.modules.LunaIO.start(LunaIO.java:33)
	at net.luna.modules.LunaIO.<init>(LunaIO.java:24)
	at net.luna.modules.Core.start(Core.java:65)
	at net.luna.modules.Core.<init>(Core.java:21)
	at net.luna.App.main(App.java:14)

<23:11:47>  [ERROR] :: java.lang.NumberFormatException: For input string: "penis"
	at java.base/java.lang.NumberFormatException.forInputString(NumberFormatException.java:67)
	at java.base/java.lang.Integer.parseInt(Integer.java:668)
	at java.base/java.lang.Integer.parseInt(Integer.java:786)
	at net.luna.util.UserData.register(UserData.java:123)
	at net.luna.util.UserData.login(UserData.java:27)
	at net.luna.modules.LunaIO.start(LunaIO.java:33)
	at net.luna.modules.LunaIO.<init>(LunaIO.java:24)
	at net.luna.modules.Core.start(Core.java:65)
	at net.luna.modules.Core.<init>(Core.java:21)
	at net.luna.App.main(App.java:14)

<23:11:54>  <falscherIdiot> ECHO :::  hello
<23:12:0>  <falscherIdiot> ECHO :::  !hello
<23:12:4>  <falscherIdiot> ECHO :::  !fhello
<23:12:16>  [INFO] :: <falscherIdiot> System shutting down!
<23:12:16>  [WARNING] :: LunaIO module stopped!
<23:12:16>  [WARNING] :: Core module stopped!
<23:18:20>  [WARNING] :: System config could not be loaded! loading default config!!
<23:18:20>  [WARNING] :: System language could not be loaded! loading default language(EN_US)!!
<23:18:20>  [ERROR] :: java.time.format.DateTimeParseException: Text 'null' could not be parsed at index 0
	at java.base/java.time.format.DateTimeFormatter.parseResolved0(DateTimeFormatter.java:2052)
	at java.base/java.time.format.DateTimeFormatter.parse(DateTimeFormatter.java:1954)
	at java.base/java.time.LocalDate.parse(LocalDate.java:430)
	at java.base/java.time.LocalDate.parse(LocalDate.java:415)
	at net.luna.util.R.loadUser(R.java:159)
	at net.luna.modules.Core.start(Core.java:57)
	at net.luna.modules.Core.<init>(Core.java:21)
	at net.luna.App.main(App.java:14)

<23:18:20>  [ERROR] :: java.time.format.DateTimeParseException: Text 'null' could not be parsed at index 0
	at java.base/java.time.format.DateTimeFormatter.parseResolved0(DateTimeFormatter.java:2052)
	at java.base/java.time.format.DateTimeFormatter.parse(DateTimeFormatter.java:1954)
	at java.base/java.time.LocalDate.parse(LocalDate.java:430)
	at java.base/java.time.LocalDate.parse(LocalDate.java:415)
	at net.luna.util.R.loadUser(R.java:159)
	at net.luna.modules.Core.start(Core.java:57)
	at net.luna.modules.Core.<init>(Core.java:21)
	at net.luna.App.main(App.java:14)

<23:18:20>  [INFO] :: LunaIO module started!
<23:19:30>  [WARNING] :: System config could not be loaded! loading default config!!
<23:19:30>  [WARNING] :: System language could not be loaded! loading default language(EN_US)!!
<23:19:30>  [ERROR] :: java.time.format.DateTimeParseException: Text 'null' could not be parsed at index 0
	at java.base/java.time.format.DateTimeFormatter.parseResolved0(DateTimeFormatter.java:2052)
	at java.base/java.time.format.DateTimeFormatter.parse(DateTimeFormatter.java:1954)
	at java.base/java.time.LocalDate.parse(LocalDate.java:430)
	at java.base/java.time.LocalDate.parse(LocalDate.java:415)
	at net.luna.util.R.loadUser(R.java:159)
	at net.luna.modules.Core.start(Core.java:57)
	at net.luna.modules.Core.<init>(Core.java:21)
	at net.luna.App.main(App.java:14)

<23:19:30>  [ERROR] :: java.time.format.DateTimeParseException: Text 'null' could not be parsed at index 0
	at java.base/java.time.format.DateTimeFormatter.parseResolved0(DateTimeFormatter.java:2052)
	at java.base/java.time.format.DateTimeFormatter.parse(DateTimeFormatter.java:1954)
	at java.base/java.time.LocalDate.parse(LocalDate.java:430)
	at java.base/java.time.LocalDate.parse(LocalDate.java:415)
	at net.luna.util.R.loadUser(R.java:159)
	at net.luna.modules.Core.start(Core.java:57)
	at net.luna.modules.Core.<init>(Core.java:21)
	at net.luna.App.main(App.java:14)

<23:19:30>  [INFO] :: LunaIO module started!
<23:19:32>  [ERROR] :: java.lang.NumberFormatException: For input string: ""
	at java.base/java.lang.NumberFormatException.forInputString(NumberFormatException.java:67)
	at java.base/java.lang.Integer.parseInt(Integer.java:678)
	at java.base/java.lang.Integer.parseInt(Integer.java:786)
	at net.luna.util.UserData.login(UserData.java:26)
	at net.luna.modules.LunaIO.start(LunaIO.java:33)
	at net.luna.modules.LunaIO.<init>(LunaIO.java:24)
	at net.luna.modules.Core.start(Core.java:65)
	at net.luna.modules.Core.<init>(Core.java:21)
	at net.luna.App.main(App.java:14)

<23:19:51>  [ERROR] :: java.time.format.DateTimeParseException: Text 'asd' could not be parsed at index 0
	at java.base/java.time.format.DateTimeFormatter.parseResolved0(DateTimeFormatter.java:2052)
	at java.base/java.time.format.DateTimeFormatter.parse(DateTimeFormatter.java:1954)
	at java.base/java.time.LocalDate.parse(LocalDate.java:430)
	at java.base/java.time.LocalDate.parse(LocalDate.java:415)
	at net.luna.util.UserData.register(UserData.java:114)
	at net.luna.util.UserData.login(UserData.java:56)
	at net.luna.modules.LunaIO.start(LunaIO.java:33)
	at net.luna.modules.LunaIO.<init>(LunaIO.java:24)
	at net.luna.modules.Core.start(Core.java:65)
	at net.luna.modules.Core.<init>(Core.java:21)
	at net.luna.App.main(App.java:14)

<23:19:52>  [ERROR] :: java.lang.NumberFormatException: For input string: "asd"
	at java.base/java.lang.NumberFormatException.forInputString(NumberFormatException.java:67)
	at java.base/java.lang.Integer.parseInt(Integer.java:668)
	at java.base/java.lang.Integer.parseInt(Integer.java:786)
	at net.luna.util.UserData.register(UserData.java:122)
	at net.luna.util.UserData.login(UserData.java:56)
	at net.luna.modules.LunaIO.start(LunaIO.java:33)
	at net.luna.modules.LunaIO.<init>(LunaIO.java:24)
	at net.luna.modules.Core.start(Core.java:65)
	at net.luna.modules.Core.<init>(Core.java:21)
	at net.luna.App.main(App.java:14)

<23:19:52>  [INFO] :: New user registered! [asd]!
<23:19:53>  <asd> ECHO :::  
<23:19:53>  <asd> ECHO :::  
<23:20:5>  [WARNING] :: <asd> System shutting down!
<23:20:5>  [WARNING] :: LunaIO module stopped!
<23:20:5>  [WARNING] :: Core module stopped!
<23:26:2>  [WARNING] :: System config could not be loaded! loading default config!!
<23:26:2>  [WARNING] :: System language could not be loaded! loading default language(EN_US)!!
<23:26:2>  [INFO] :: LunaIO module started!
<23:32:52>  [WARNING] :: System config could not be loaded! loading default config!!
<23:32:52>  [WARNING] :: System language could not be loaded! loading default language(EN_US)!!
<23:32:52>  [INFO] :: LunaIO module started!
<23:33:45>  [WARNING] :: System config could not be loaded! loading default config!!
<23:33:45>  [WARNING] :: System language could not be loaded! loading default language(EN_US)!!
<23:33:45>  [INFO] :: LunaIO module started!
<23:34:53>  [WARNING] :: System config could not be loaded! loading default config!!
<23:34:53>  [WARNING] :: System language could not be loaded! loading default language(EN_US)!!
<23:34:53>  [INFO] :: LunaIO module started!
<23:45:28>  [WARNING] :: System config could not be loaded! loading default config!!
<23:45:28>  [WARNING] :: System language could not be loaded! loading default language(EN_US)!!
<23:45:28>  [INFO] :: LunaIO module started!
<23:47:25>  [WARNING] :: System config could not be loaded! loading default config!!
<23:47:25>  [WARNING] :: System language could not be loaded! loading default language(EN_US)!!
<23:47:25>  [INFO] :: LunaIO module started!
<23:48:12>  [WARNING] :: System config could not be loaded! loading default config!!
<23:48:12>  [WARNING] :: System language could not be loaded! loading default language(EN_US)!!
<23:48:19>  [INFO] :: LunaIO module started!
<23:48:42>  [WARNING] :: System config could not be loaded! loading default config!!
<23:48:42>  [WARNING] :: System language could not be loaded! loading default language(EN_US)!!
<23:48:42>  [INFO] :: LunaIO module started!
<23:49:53>  [WARNING] :: System config could not be loaded! loading default config!!
<23:49:53>  [WARNING] :: System language could not be loaded! loading default language(EN_US)!!
<23:49:53>  [INFO] :: LunaIO module started!
<23:50:2>  [WARNING] :: Somebody tried to login more than five times!!
<23:50:33>  [WARNING] :: System config could not be loaded! loading default config!!
<23:50:33>  [WARNING] :: System language could not be loaded! loading default language(EN_US)!!
<23:50:33>  [INFO] :: LunaIO module started!
<23:50:42>  [WARNING] :: Somebody tried to login more than five times!!
<23:50:44>  [WARNING] :: Somebody tried to login more than five times!!
<23:50:45>  [WARNING] :: Somebody tried to login more than five times!!
<23:50:46>  [WARNING] :: Somebody tried to login more than five times!!
<23:50:48>  [WARNING] :: Somebody tried to login more than five times!!
<23:50:49>  [WARNING] :: Somebody tried to login more than five times!!
<23:51:14>  [ERROR] :: java.time.format.DateTimeParseException: Text 'idk' could not be parsed at index 0
	at java.base/java.time.format.DateTimeFormatter.parseResolved0(DateTimeFormatter.java:2052)
	at java.base/java.time.format.DateTimeFormatter.parse(DateTimeFormatter.java:1954)
	at java.base/java.time.LocalDate.parse(LocalDate.java:430)
	at java.base/java.time.LocalDate.parse(LocalDate.java:415)
	at net.luna.util.UserData.register(UserData.java:91)
	at net.luna.util.UserData.login(UserData.java:45)
	at net.luna.modules.LunaIO.start(LunaIO.java:33)
	at net.luna.modules.LunaIO.<init>(LunaIO.java:24)
	at net.luna.modules.Core.start(Core.java:65)
	at net.luna.modules.Core.<init>(Core.java:21)
	at net.luna.App.main(App.java:14)

<23:51:16>  [ERROR] :: java.lang.NumberFormatException: For input string: "idk"
	at java.base/java.lang.NumberFormatException.forInputString(NumberFormatException.java:67)
	at java.base/java.lang.Integer.parseInt(Integer.java:668)
	at java.base/java.lang.Integer.parseInt(Integer.java:786)
	at net.luna.util.UserData.register(UserData.java:99)
	at net.luna.util.UserData.login(UserData.java:45)
	at net.luna.modules.LunaIO.start(LunaIO.java:33)
	at net.luna.modules.LunaIO.<init>(LunaIO.java:24)
	at net.luna.modules.Core.start(Core.java:65)
	at net.luna.modules.Core.<init>(Core.java:21)
	at net.luna.App.main(App.java:14)

<23:51:16>  [INFO] :: New user registered! [Daniel]!
<23:52:59>  [WARNING] :: System config could not be loaded! loading default config!!
<23:52:59>  [WARNING] :: System language could not be loaded! loading default language(EN_US)!!
<23:52:59>  [ERROR] :: java.time.format.DateTimeParseException: Text 'null' could not be parsed at index 0
	at java.base/java.time.format.DateTimeFormatter.parseResolved0(DateTimeFormatter.java:2052)
	at java.base/java.time.format.DateTimeFormatter.parse(DateTimeFormatter.java:1954)
	at java.base/java.time.LocalDate.parse(LocalDate.java:430)
	at java.base/java.time.LocalDate.parse(LocalDate.java:415)
	at net.luna.util.R.loadUser(R.java:163)
	at net.luna.modules.Core.start(Core.java:57)
	at net.luna.modules.Core.<init>(Core.java:21)
	at net.luna.App.main(App.java:14)

<23:52:59>  [INFO] :: LunaIO module started!
<23:53:17>  [WARNING] :: <Daniel> System shutting down!
<23:53:17>  [WARNING] :: LunaIO module stopped!
<23:53:17>  [WARNING] :: Core module stopped!