
build-22 <10:12:14>  todo:showTodos
build-22 <10:12:14>  [INFO] :: Command does not exists! [todo:showTodos]!
build-22 <10:12:57>  core::stop
build-22 <10:12:57>  [WARNING] :: Stopping LUNA!
build-22 <10:13:35>  [INFO] :: Welcome to LUNA!
build-22 <10:13:48>  todo::showTodos
build-22 <10:14:0>  todo::createTodo
build-22 <10:14:20>  New Todo created! [0]null
  Priority: 0
build-22 <10:15:55>  core::stop
build-22 <10:15:55>  [WARNING] :: Stopping LUNA!
build-22 <10:16:17>  [INFO] :: Welcome to LUNA!
build-22 <10:16:28>  todo::showTodos
build-22 <10:16:34>  todo::createTodo
build-22 <10:16:44>  New Todo created! [0]test
  Priority: 0
build-22 <10:17:43>  core::stop
build-22 <10:17:43>  [WARNING] :: Stopping LUNA!
build-22 <10:18:7>  [INFO] :: Welcome to LUNA!
build-22 <10:18:24>  todo::showTodos
build-22 <10:18:32>  todo::createTodo
build-22 <10:18:40>  New Todo created! [0] test
  Priority: 0
build-22 <10:18:52>  todo::showTodos
build-22 <10:19:50>  core::stop
build-22 <10:19:50>  [WARNING] :: Stopping LUNA!
build-22 <10:19:55>  [INFO] :: Welcome to LUNA!
build-22 <10:20:0>  todo::showTodos
build-22 <10:20:7>  todo::creatTodo
build-22 <10:20:7>  [INFO] :: Command does not exists! [todo::creatTodo]!
build-22 <10:20:13>  todo::createTodo
build-22 <10:20:22>  New Todo created! [0] test
  Priority: 0
build-22 <10:21:12>  core::stop
build-22 <10:21:12>  [WARNING] :: Stopping LUNA!
build-22 <10:21:17>  [INFO] :: Welcome to LUNA!
build-22 <10:21:21>  todo::showTodos
build-22 <10:21:26>  todo::createTodo
build-22 <10:23:8>  [INFO] :: Welcome to LUNA!
build-22 <10:23:16>  todo::createTodo
build-22 <10:23:24>  New Todo created! [0] test
  Description: asd

build-22 <10:23:50>  todo::showTodos
build-22 <10:24:1>  todo::inspectTodo 1
build-22 <10:26:41>  [INFO] :: Welcome to LUNA!
build-22 <10:26:50>  todo::createTodo test
build-22 <10:26:50>  New Todo created! [0] test
  Description: 

build-22 <10:27:4>  todo::showTodos
build-22 <10:27:25>  todo::inspectTodo 1
build-22 <10:29:0>  [INFO] :: Welcome to LUNA!
build-22 <10:29:7>  todo::createTodo ad
build-22 <10:29:7>  New Todo created! [0] ad
  Description: 

build-22 <10:29:7>  
build-22 <10:29:7>  [INFO] :: Command does not exists! []!
build-22 <10:29:14>  todo::showTodos
build-22 <10:29:25>  todo::inspectTodo
build-22 <10:30:34>  [INFO] :: Welcome to LUNA!
build-22 <10:31:33>  todo::showTodos
build-22 <10:32:36>  todo::createTodo asd
build-22 <10:32:52>  New Todo created! [0] asd
  Description: 

build-22 <10:33:6>  todo::showTodos
build-22 <10:34:25>  [INFO] :: Welcome to LUNA!
build-22 <10:34:33>  todo::createTodo asd
build-22 <10:36:9>  New Todo created! [0] asd
  Description: 

build-22 <10:36:27>  todo::createTodo assa
build-22 <10:36:58>  New Todo created! [0] assa
  Description: 

build-22 <10:36:58>  todo::showTodos
build-22 <10:37:7>  todo::showTodos
build-22 <10:37:18>  todo::inspectTodo
build-22 <10:41:50>  [INFO] :: Welcome to LUNA!
build-22 <10:42:2>  todo::createTodo allo
build-22 <10:42:2>  New Todo created! [0] allo
  Description: 

build-22 <10:42:12>  todo::inspectTodo 0
build-22 <10:42:46>  [INFO] :: Welcome to LUNA!
build-22 <10:42:54>  todo::createTodo pimmelBerger
build-22 <10:42:54>  New Todo created! [0] pimmelBerger
  Description: 

build-22 <10:43:2>  todo::showTodos
build-22 <10:43:22>  todo::inspectTodo 1
build-22 <10:45:27>  [INFO] :: Welcome to LUNA!
build-22 <10:45:37>  todo::createTodo Pommes
build-22 <10:45:37>  New Todo created! [0] Pommes
  Description: 

build-22 <10:45:47>  todo::createTodo PimmelBerger
build-22 <10:45:47>  New Todo created! [0] PimmelBerger
  Description: 

build-22 <10:45:57>  todo::showTodos
build-22 <10:46:49>  core::stop
build-22 <10:46:49>  [WARNING] :: Stopping LUNA!
build-22 <10:46:54>  [INFO] :: Welcome to LUNA!
build-22 <10:47:7>  todo::createTodo Pommes
build-22 <10:47:7>  New Todo created! [0] Pommes
  Description: 

build-22 <10:47:16>  todo::createTodo Guenther
build-22 <10:47:16>  New Todo created! [1] Guenther
  Description: 

build-22 <10:47:23>  todo::showTodos
build-22 <10:47:42>  todo::createTodo
build-22 <10:48:9>  New Todo created! [2] Test with Description
  Description: Hello i bims da Guenther und ich mag Zuege mit eis
  Priority: 2
build-22 <10:48:20>  todo::showTodos
build-22 <10:48:28>  todo::inspectTodo 2
build-22 <10:49:41>  core::stop
build-22 <10:49:41>  [WARNING] :: Stopping LUNA!